This file contains any messages produced by compilers while
running configure, to aid debugging if configure makes a mistake.

It was created by configure, which was
generated by GNU Autoconf 2.63.  Invocation command line was

  $ ./configure --prefix=/home/summerkk/ICS/TACO/ssdup_install --with-kernel=/usr/src/kernels/2.6.32-220.el6.x86_64/ --enable-segv-backtrace

## --------- ##
## Platform. ##
## --------- ##

hostname = node7
uname -m = x86_64
uname -r = 2.6.32-220.el6.x86_64
uname -s = Linux
uname -v = #1 SMP Wed Nov 9 08:03:13 EST 2011

/usr/bin/uname -p = unknown
/bin/uname -X     = unknown

/bin/arch              = x86_64
/usr/bin/arch -k       = unknown
/usr/convex/getsysinfo = unknown
/usr/bin/hostinfo      = unknown
/bin/machine           = unknown
/usr/bin/oslevel       = unknown
/bin/universe          = unknown

PATH: /opt/java/jdk1.8.0_151/bin
PATH: /opt/java/jdk1.8.0_151/jre/bin
PATH: /opt/torque/bin
PATH: /opt/torque/sbin
PATH: /public/software/jdk1.7.0_80//bin
PATH: /public/software/gcc/bin
PATH: /public/software/Matlab2016a/bin/
PATH: /usr/lib64/qt-3.3/bin
PATH: /public/software/jpeg9a/bin
PATH: /public/software/mathlib/fftw3.3.4/bin
PATH: /public/software//mpi/openmpi/1.8.7/intel/bin
PATH: /public/software/compiler/composer_xe_2015.0.090/bin/intel64
PATH: /public/software/compiler/composer_xe_2015.0.090/mpirt/bin/intel64
PATH: /public/software/compiler/composer_xe_2015.0.090/debugger/gdb/intel64_mic/bin
PATH: /public/software/compiler/composer_xe_2015.0.090/bin/intel64
PATH: /public/software/compiler/composer_xe_2015.0.090/mpirt/bin/intel64
PATH: /public/software/compiler/composer_xe_2015.0.090/debugger/gdb/intel64_mic/bin
PATH: /public/software/compiler/composer_xe_2015.0.090/bin/intel64
PATH: /public/software/compiler/composer_xe_2015.0.090/mpirt/bin/intel64
PATH: /public/software/compiler/composer_xe_2015.0.090/debugger/gdb/intel64_mic/bin
PATH: /usr/kerberos/sbin
PATH: /usr/kerberos/bin
PATH: /public/software/g09
PATH: /opt/gridview//pbs//dispatcher-sched//bin
PATH: /opt/gridview//pbs//dispatcher-sched//sbin
PATH: /opt/gridview//pbs//dispatcher//bin
PATH: /opt/gridview//pbs//dispatcher//sbin
PATH: /public/software/compiler/composer_xe_2015.0.090/bin/intel64
PATH: /opt/clusconf/bin
PATH: /usr/local/bin
PATH: /bin
PATH: /usr/bin
PATH: /usr/local/sbin
PATH: /usr/sbin
PATH: /sbin
PATH: /public/software/g09/bsd
PATH: /public/software/g09/local
PATH: /public/software/g09/extras
PATH: /public/software/g09
PATH: /whale/apache-maven-3.5.4/bin
PATH: /opt/scala/scala-2.11.12/bin
PATH: /opt/hadoop/hadoop-2.7.6/bin
PATH: /opt/hadoop/hadoop-2.7.6/sbin
PATH: /opt/spark/spark-2.3.1-bin-hadoop2.7/bin
PATH: /opt/spark/spark-2.3.1-bin-hadoop2.7/sbin
PATH: /home/summerkk/bin


## ----------- ##
## Core tests. ##
## ----------- ##

configure:2123: checking build system type
configure:2141: result: x86_64-unknown-linux-gnu
configure:2163: checking host system type
configure:2178: result: x86_64-unknown-linux-gnu
configure:2257: checking for gcc
configure:2273: found /usr/bin/gcc
configure:2284: result: gcc
configure:2516: checking for C compiler version
configure:2524: gcc --version >&5
gcc (GCC) 4.4.7 20120313 (Red Hat 4.4.7-11)
Copyright (C) 2010 Free Software Foundation, Inc.
This is free software; see the source for copying conditions.  There is NO
warranty; not even for MERCHANTABILITY or FITNESS FOR A PARTICULAR PURPOSE.

configure:2528: $? = 0
configure:2535: gcc -v >&5
Using built-in specs.
Target: x86_64-redhat-linux
Configured with: ../configure --prefix=/usr --mandir=/usr/share/man --infodir=/usr/share/info --with-bugurl=http://bugzilla.redhat.com/bugzilla --enable-bootstrap --enable-shared --enable-threads=posix --enable-checking=release --with-system-zlib --enable-__cxa_atexit --disable-libunwind-exceptions --enable-gnu-unique-object --enable-languages=c,c++,objc,obj-c++,java,fortran,ada --enable-java-awt=gtk --disable-dssi --with-java-home=/usr/lib/jvm/java-1.5.0-gcj-1.5.0.0/jre --enable-libgcj-multifile --enable-java-maintainer-mode --with-ecj-jar=/usr/share/java/eclipse-ecj.jar --disable-libjava-multilib --with-ppl --with-cloog --with-tune=generic --with-arch_32=i686 --build=x86_64-redhat-linux
Thread model: posix
gcc version 4.4.7 20120313 (Red Hat 4.4.7-11) (GCC) 
configure:2539: $? = 0
configure:2546: gcc -V >&5
gcc: '-V' option must have argument
configure:2550: $? = 1
configure:2573: checking for C compiler default output file name
configure:2595: gcc    conftest.c  >&5
configure:2599: $? = 0
configure:2637: result: a.out
configure:2656: checking whether the C compiler works
configure:2666: ./a.out
configure:2670: $? = 0
configure:2689: result: yes
configure:2696: checking whether we are cross compiling
configure:2698: result: no
configure:2701: checking for suffix of executables
configure:2708: gcc -o conftest    conftest.c  >&5
configure:2712: $? = 0
configure:2738: result: 
configure:2744: checking for suffix of object files
configure:2770: gcc -c   conftest.c >&5
configure:2774: $? = 0
configure:2799: result: o
configure:2803: checking whether we are using the GNU C compiler
configure:2832: gcc -c   conftest.c >&5
configure:2839: $? = 0
configure:2856: result: yes
configure:2865: checking whether gcc accepts -g
configure:2895: gcc -c -g  conftest.c >&5
configure:2902: $? = 0
configure:3003: result: yes
configure:3020: checking for gcc option to accept ISO C89
configure:3094: gcc  -c -g -O2  conftest.c >&5
configure:3101: $? = 0
configure:3124: result: none needed
configure:3148: checking how to run the C preprocessor
configure:3188: gcc -E  conftest.c
configure:3195: $? = 0
configure:3226: gcc -E  conftest.c
conftest.c:11:28: error: ac_nonexistent.h: No such file or directory
configure:3233: $? = 1
configure: failed program was:
| /* confdefs.h.  */
| #define PACKAGE_NAME ""
| #define PACKAGE_TARNAME ""
| #define PACKAGE_VERSION ""
| #define PACKAGE_STRING ""
| #define PACKAGE_BUGREPORT ""
| #define PVFS2_VERSION_MAJOR 2
| #define PVFS2_VERSION_MINOR 9
| #define PVFS2_VERSION_SUB 3
| /* end confdefs.h.  */
| #include <ac_nonexistent.h>
configure:3266: result: gcc -E
configure:3295: gcc -E  conftest.c
configure:3302: $? = 0
configure:3333: gcc -E  conftest.c
conftest.c:11:28: error: ac_nonexistent.h: No such file or directory
configure:3340: $? = 1
configure: failed program was:
| /* confdefs.h.  */
| #define PACKAGE_NAME ""
| #define PACKAGE_TARNAME ""
| #define PACKAGE_VERSION ""
| #define PACKAGE_STRING ""
| #define PACKAGE_BUGREPORT ""
| #define PVFS2_VERSION_MAJOR 2
| #define PVFS2_VERSION_MINOR 9
| #define PVFS2_VERSION_SUB 3
| /* end confdefs.h.  */
| #include <ac_nonexistent.h>
configure:3380: checking for grep that handles long lines and -e
configure:3440: result: /bin/grep
configure:3445: checking for egrep
configure:3509: result: /bin/grep -E
configure:3514: checking for ANSI C header files
configure:3544: gcc -c -g -O2  conftest.c >&5
configure:3551: $? = 0
configure:3650: gcc -o conftest -g -O2   conftest.c  >&5
configure:3654: $? = 0
configure:3660: ./conftest
configure:3664: $? = 0
configure:3682: result: yes

## ---------------- ##
## Cache variables. ##
## ---------------- ##

ac_cv_build=x86_64-unknown-linux-gnu
ac_cv_c_compiler_gnu=yes
ac_cv_env_CC_set=
ac_cv_env_CC_value=
ac_cv_env_CFLAGS_set=
ac_cv_env_CFLAGS_value=
ac_cv_env_CPPFLAGS_set=
ac_cv_env_CPPFLAGS_value=
ac_cv_env_CPP_set=
ac_cv_env_CPP_value=
ac_cv_env_LDFLAGS_set=
ac_cv_env_LDFLAGS_value=
ac_cv_env_LIBS_set=
ac_cv_env_LIBS_value=
ac_cv_env_build_alias_set=
ac_cv_env_build_alias_value=
ac_cv_env_host_alias_set=
ac_cv_env_host_alias_value=
ac_cv_env_target_alias_set=
ac_cv_env_target_alias_value=
ac_cv_header_stdc=yes
ac_cv_host=x86_64-unknown-linux-gnu
ac_cv_objext=o
ac_cv_path_EGREP='/bin/grep -E'
ac_cv_path_GREP=/bin/grep
ac_cv_prog_CPP='gcc -E'
ac_cv_prog_ac_ct_CC=gcc
ac_cv_prog_cc_c89=
ac_cv_prog_cc_g=yes

## ----------------- ##
## Output variables. ##
## ----------------- ##

BUILD_ABSOLUTE_TOP=''
BUILD_ACL_INTERFACE=''
BUILD_BMI_ONLY=''
BUILD_BMI_TCP=''
BUILD_CC=''
BUILD_CFLAGS=''
BUILD_EPOLL=''
BUILD_FUSE=''
BUILD_GM=''
BUILD_IB=''
BUILD_JNI=''
BUILD_KARMA=''
BUILD_KERNEL=''
BUILD_LDFLAGS=''
BUILD_MX=''
BUILD_OPENIB=''
BUILD_PORTALS=''
BUILD_SERVER=''
BUILD_TAU=''
BUILD_UCACHE=''
BUILD_USER_ENV_VARS=''
BUILD_VIS=''
BUILD_ZOID=''
CC='gcc'
CC_OPT=''
CFLAGS='-g -O2'
CPP='gcc -E'
CPPFLAGS=''
DB_CFLAGS=''
DB_LIB=''
DEFS=''
ECHO_C=''
ECHO_N='-n'
ECHO_T=''
EGREP='/bin/grep -E'
ENABLE_CAPCACHE=''
ENABLE_CERTCACHE=''
ENABLE_COVERAGE=''
ENABLE_CREDCACHE=''
ENABLE_PROFILING=''
ENABLE_SECURITY_CERT=''
ENABLE_SECURITY_KEY=''
EXEEXT=''
FUSE_CFLAGS=''
FUSE_LDFLAGS=''
GM_INCDIR=''
GM_LIBDIR=''
GNUC=''
GOSSIP_ENABLE_BACKTRACE=''
GREP='/bin/grep'
GTKCFLAGS=''
GTKLIBS=''
HAVE_BISON=''
HAVE_FIND=''
HAVE_FLEX=''
HAVE_MAVEN=''
HAVE_PERL=''
HAVE_PKGCONFIG=''
IB_INCDIR=''
IB_LIBDIR=''
INSTALL_DATA=''
INSTALL_PROGRAM=''
INSTALL_SCRIPT=''
INTELC=''
JAVA_HOME='/opt/java/jdk1.8.0_151'
LDAP_CPPFLAGS=''
LDAP_LDFLAGS=''
LDAP_LIB=''
LDFLAGS=''
LIBCFLAGS=''
LIBOBJS=''
LIBS=''
LIB_NEEDS_LIBRT=''
LINUX24_KERNEL_MINOR_VER=''
LINUX24_KERNEL_SRC=''
LINUX_KERNEL_SRC=''
LTLIBOBJS=''
MISC_TROVE_FLAGS=''
MMAP_RA_CACHE=''
MX_INCDIR=''
MX_LIBDIR=''
NEEDS_LIBRT=''
NEED_BERKELEY_DB=''
NPTL_WORKAROUND=''
OBJEXT='o'
OPENIB_INCDIR=''
OPENIB_LIBDIR=''
OPENSSL_CPPFLAGS=''
OPENSSL_LDFLAGS=''
OPENSSL_LIB=''
PACKAGE_BUGREPORT=''
PACKAGE_NAME=''
PACKAGE_STRING=''
PACKAGE_TARNAME=''
PACKAGE_VERSION=''
PATH_SEPARATOR=':'
PORTALS_INCS=''
PORTALS_LIBS=''
PVFS2_SEGV_BACKTRACE=''
PVFS2_VERSION='2.9.3-orangefs'
PVFS2_VERSION_MAJOR='2'
PVFS2_VERSION_MINOR='9'
PVFS2_VERSION_SUB='3'
QUIET_COMPILE=''
REDHAT_RELEASE=''
RESET_FILE_POS=''
SERVER_LDFLAGS=''
SHELL='/bin/sh'
SRC_ABSOLUTE_TOP=''
SRC_RELATIVE_TOP=''
STRICT_CFLAGS=''
TARGET_OS_DARWIN=''
TARGET_OS_LINUX=''
TAU_INCS=''
THREADED_KMOD_HELPER=''
THREAD_LIB=''
TRUSTED_CONNECTIONS=''
VISCFLAGS=''
VISLIBS=''
ZOID_SRCDIR=''
ac_ct_CC='gcc'
bindir='${exec_prefix}/bin'
build='x86_64-unknown-linux-gnu'
build_alias=''
build_cpu='x86_64'
build_os='linux-gnu'
build_shared=''
build_static=''
build_threaded=''
build_usrint=''
build_vendor='unknown'
datadir='${datarootdir}'
datarootdir='${prefix}/share'
docdir='${datarootdir}/doc/${PACKAGE}'
dvidir='${docdir}'
exec_prefix='NONE'
host='x86_64-unknown-linux-gnu'
host_alias=''
host_cpu='x86_64'
host_os='linux-gnu'
host_vendor='unknown'
htmldir='${docdir}'
includedir='${prefix}/include'
infodir='${datarootdir}/info'
libdir='${exec_prefix}/lib'
libexecdir='${exec_prefix}/libexec'
localedir='${datarootdir}/locale'
localstatedir='${prefix}/var'
mandir='${datarootdir}/man'
oldincludedir='/usr/include'
pdfdir='${docdir}'
prefix='/home/summerkk/ICS/TACO/ssdup_install'
program_transform_name='s,x,x,'
psdir='${docdir}'
sbindir='${exec_prefix}/sbin'
sharedstatedir='${prefix}/com'
sysconfdir='${prefix}/etc'
target_alias=''

## ----------- ##
## confdefs.h. ##
## ----------- ##

#define PACKAGE_NAME ""
#define PACKAGE_TARNAME ""
#define PACKAGE_VERSION ""
#define PACKAGE_STRING ""
#define PACKAGE_BUGREPORT ""
#define PVFS2_VERSION_MAJOR 2
#define PVFS2_VERSION_MINOR 9
#define PVFS2_VERSION_SUB 3
#define STDC_HEADERS 1

configure: caught signal 2
configure: exit 1
